<?xml version="1.0" encoding="UTF-8"?>
<!-- Generated by org.testng.reporters.JUnitReportReporter -->
<testsuite skipped="0" hostname="DESKTOP-GSM8J5H" name="scripts._06_WikiTest" tests="1" failures="0" timestamp="2023-06-05T20:54:12 CDT" time="2.425" errors="0">
  <testcase name="validateWikiSearch2" time="2.425" classname="scripts._06_WikiTest"/>
  <system-out/>
</testsuite> <!-- scripts._06_WikiTest -->
