<?xml version="1.0" encoding="UTF-8"?>
<!-- Generated by org.testng.reporters.JUnitReportReporter -->
<testsuite skipped="0" hostname="DESKTOP-GSM8J5H" name="scripts._11_TGDropdownsTest" tests="4" failures="0" timestamp="2023-06-05T20:54:12 CDT" time="14.450" errors="0">
  <testcase name="productDropdownTest" time="2.513" classname="scripts._11_TGDropdownsTest"/>
  <system-out/>
  <testcase name="productColorTest" time="2.547" classname="scripts._11_TGDropdownsTest"/>
  <system-out/>
  <testcase name="productDeliveryTest" time="6.608" classname="scripts._11_TGDropdownsTest"/>
  <system-out/>
  <testcase name="dropdownTestCase" time="2.782" classname="scripts._11_TGDropdownsTest"/>
  <system-out/>
</testsuite> <!-- scripts._11_TGDropdownsTest -->
