<?xml version="1.0" encoding="UTF-8"?>
<!-- Generated by org.testng.reporters.JUnitReportReporter -->
<testsuite skipped="0" hostname="DESKTOP-GSM8J5H" name="scripts._03_TGLocatorsTest" tests="5" failures="0" timestamp="2023-06-05T20:54:12 CDT" time="12.044" errors="0">
  <testcase name="validateKiwiParagraph" time="2.403" classname="scripts._03_TGLocatorsTest"/>
  <system-out/>
  <testcase name="validateOrangeParagraph" time="2.452" classname="scripts._03_TGLocatorsTest"/>
  <system-out/>
  <testcase name="validateGrapesParagraph" time="2.379" classname="scripts._03_TGLocatorsTest"/>
  <system-out/>
  <testcase name="validateRedAppleLink" time="2.393" classname="scripts._03_TGLocatorsTest"/>
  <system-out/>
  <testcase name="validateAllLinks" time="2.417" classname="scripts._03_TGLocatorsTest"/>
  <system-out/>
</testsuite> <!-- scripts._03_TGLocatorsTest -->
