<?xml version="1.0" encoding="UTF-8"?>
<!-- Generated by org.testng.reporters.JUnitReportReporter -->
<testsuite skipped="0" hostname="DESKTOP-GSM8J5H" name="scripts._10_TGRadioButtonTest" tests="2" failures="0" timestamp="2023-06-05T20:54:12 CDT" time="5.223" errors="0">
  <testcase name="radioButtonsTest" time="2.599" classname="scripts._10_TGRadioButtonTest"/>
  <system-out/>
  <testcase name="validatePracticeMore" time="2.624" classname="scripts._10_TGRadioButtonTest"/>
  <system-out/>
</testsuite> <!-- scripts._10_TGRadioButtonTest -->
