<?xml version="1.0" encoding="UTF-8"?>
<!-- Generated by org.testng.reporters.JUnitReportReporter -->
<testsuite skipped="0" hostname="DESKTOP-GSM8J5H" name="scripts._01_ProjectTest" tests="6" failures="0" timestamp="2023-06-05T20:54:12 CDT" time="14.654" errors="0">
  <testcase name="validateTheAddressInputBox" time="2.260" classname="scripts._01_ProjectTest"/>
  <system-out/>
  <testcase name="validateTheEmailInputBox" time="2.412" classname="scripts._01_ProjectTest"/>
  <system-out/>
  <testcase name="validateThePhoneInputBox" time="2.484" classname="scripts._01_ProjectTest"/>
  <system-out/>
  <testcase name="validateTheMessageTextArea" time="2.375" classname="scripts._01_ProjectTest"/>
  <system-out/>
  <testcase name="validateTheSubmitButton" time="2.369" classname="scripts._01_ProjectTest"/>
  <system-out/>
  <testcase name="validateTheFormSubmission" time="2.754" classname="scripts._01_ProjectTest"/>
  <system-out/>
</testsuite> <!-- scripts._01_ProjectTest -->
