<?xml version="1.0" encoding="UTF-8"?>
<!-- Generated by org.testng.reporters.JUnitReportReporter -->
<testsuite skipped="0" hostname="DESKTOP-GSM8J5H" name="scripts._01_GoogleTest" tests="2" failures="0" timestamp="2023-06-05T20:54:12 CDT" time="21.129" errors="0">
  <testcase name="validateSearchButton" time="5.413" classname="scripts._01_GoogleTest"/>
  <system-out/>
  <testcase name="validateNavigation" time="15.716" classname="scripts._01_GoogleTest"/>
  <system-out/>
</testsuite> <!-- scripts._01_GoogleTest -->
