<?xml version="1.0" encoding="UTF-8"?>
<!-- Generated by org.testng.reporters.JUnitReportReporter -->
<testsuite skipped="0" hostname="DESKTOP-GSM8J5H" name="scripts._09_TGCheckboxTest" tests="1" failures="0" timestamp="2023-06-05T20:54:12 CDT" time="2.634" errors="0">
  <testcase name="checkboxTest" time="2.634" classname="scripts._09_TGCheckboxTest"/>
  <system-out/>
</testsuite> <!-- scripts._09_TGCheckboxTest -->
