<?xml version="1.0" encoding="UTF-8"?>
<!-- Generated by org.testng.reporters.JUnitReportReporter -->
<testsuite skipped="0" hostname="DESKTOP-GSM8J5H" name="scripts._13_IFrameTest" tests="2" failures="0" timestamp="2023-06-05T20:54:12 CDT" time="5.170" errors="0">
  <testcase name="validateTheParagraph" time="2.420" classname="scripts._13_IFrameTest"/>
  <system-out/>
  <testcase name="validateTheFormSubmission" time="2.750" classname="scripts._13_IFrameTest"/>
  <system-out/>
</testsuite> <!-- scripts._13_IFrameTest -->
