<?xml version="1.0" encoding="UTF-8"?>
<!-- Generated by org.testng.reporters.JUnitReportReporter -->
<testsuite skipped="0" hostname="DESKTOP-GSM8J5H" name="scripts._17_TGStaticTableTest" tests="4" failures="0" timestamp="2023-06-05T20:54:12 CDT" time="9.654" errors="0">
  <testcase name="validateTableHeader" time="2.252" classname="scripts._17_TGStaticTableTest"/>
  <system-out/>
  <testcase name="validateFirstRow" time="2.437" classname="scripts._17_TGStaticTableTest"/>
  <system-out/>
  <testcase name="validateEachCell" time="2.427" classname="scripts._17_TGStaticTableTest"/>
  <system-out/>
  <testcase name="validateLastColumn" time="2.538" classname="scripts._17_TGStaticTableTest"/>
  <system-out/>
</testsuite> <!-- scripts._17_TGStaticTableTest -->
