<?xml version="1.0" encoding="UTF-8"?>
<!-- Generated by org.testng.reporters.JUnitReportReporter -->
<testsuite skipped="0" hostname="DESKTOP-GSM8J5H" name="scripts._18_TGSortableTableTest" tests="1" failures="0" timestamp="2023-06-05T20:54:12 CDT" time="4.500" errors="0">
  <testcase name="validateSortAscByQuantity" time="4.500" classname="scripts._18_TGSortableTableTest"/>
  <system-out/>
</testsuite> <!-- scripts._18_TGSortableTableTest -->
