<?xml version="1.0" encoding="UTF-8"?>
<!-- Generated by org.testng.reporters.JUnitReportReporter -->
<testsuite skipped="0" hostname="DESKTOP-GSM8J5H" name="scripts._16_TGFileDownload" tests="1" failures="0" timestamp="2023-06-05T20:54:12 CDT" time="3.178" errors="0">
  <testcase name="validateFileDownload" time="3.178" classname="scripts._16_TGFileDownload"/>
  <system-out/>
</testsuite> <!-- scripts._16_TGFileDownload -->
