<?xml version="1.0" encoding="UTF-8"?>
<!-- Generated by org.testng.reporters.JUnitReportReporter -->
<testsuite skipped="0" hostname="DESKTOP-GSM8J5H" name="scripts._02_AppleTest_" tests="1" failures="0" timestamp="2023-06-05T20:54:12 CDT" time="5.279" errors="0">
  <testcase name="validateTitleAndURL" time="5.279" classname="scripts._02_AppleTest_"/>
  <system-out/>
</testsuite> <!-- scripts._02_AppleTest_ -->
